Unity Editor version:    2020.3.24f1 (79c78de19888)
Branch:                  2020.3/staging
Build type:              Release
Batch mode:              YES
macOS version:           Version 12.0.1 (Build 21A559)
Darwin version:          21.1.0
Architecture:            x86_64
Running under Rosetta:   YES
Available memory:        32768 MB
Using pre-set license
Pro License: NO

COMMAND LINE ARGUMENTS:
/Applications/Unity/Hub/Editor/2020.3.24f1/Unity.app/Contents/MacOS/Unity
-adb2
-batchMode
-noUpm
-name
AssetImportWorker0
-projectPath
/Users/tamio/Documents/Unity/GameDev_3DCourse/practiceJam
-logFile
Logs/AssetImportWorker0.log
-srvPort
49189
Successfully changed project path to: /Users/tamio/Documents/Unity/GameDev_3DCourse/practiceJam
/Users/tamio/Documents/Unity/GameDev_3DCourse/practiceJam
Using Asset Import Pipeline V2.
Refreshing native plugins compatible for Editor in 42.47 ms, found 3 plugins.
Preloading 0 native plugins for Editor in 0.00 ms.
Initialize engine version: 2020.3.24f1 (79c78de19888)
[Subsystems] Discovering subsystems at path /Applications/Unity/Hub/Editor/2020.3.24f1/Unity.app/Contents/Resources/UnitySubsystems
[Subsystems] Discovering subsystems at path /Users/tamio/Documents/Unity/GameDev_3DCourse/practiceJam/Assets
GfxDevice: creating device client; threaded=0
2022-02-02 20:51:54.167 Unity[881:10334] (null) preferred device: Apple M1 Max (high power)
2022-02-02 20:51:54.167 Unity[881:10334] Metal devices available: 1
2022-02-02 20:51:54.167 Unity[881:10334] 0: Apple M1 Max (high power)
2022-02-02 20:51:54.167 Unity[881:10334] Using device Apple M1 Max (high power)
Initializing Metal device caps: Apple M1 Max
Initialize mono
Mono path[0] = '/Applications/Unity/Hub/Editor/2020.3.24f1/Unity.app/Contents/Managed'
Mono path[1] = '/Applications/Unity/Hub/Editor/2020.3.24f1/Unity.app/Contents/MonoBleedingEdge/lib/mono/unityjit'
Mono config path = '/Applications/Unity/Hub/Editor/2020.3.24f1/Unity.app/Contents/MonoBleedingEdge/etc'
Using monoOptions --debugger-agent=transport=dt_socket,embedding=1,server=y,suspend=n,address=127.0.0.1:56881
Begin MonoManager ReloadAssembly
Registering precompiled unity dll's ...
Register platform support module: /Applications/Unity/Hub/Editor/2020.3.24f1/PlaybackEngines/WebGLSupport/UnityEditor.WebGL.Extensions.dll
Register platform support module: /Applications/Unity/Hub/Editor/2020.3.24f1/Unity.app/Contents/PlaybackEngines/MacStandaloneSupport/UnityEditor.OSXStandalone.Extensions.dll
Registered in 0.000448 seconds.
Native extension for OSXStandalone target not found
Native extension for WebGL target not found
Refreshing native plugins compatible for Editor in 45.82 ms, found 3 plugins.
Preloading 0 native plugins for Editor in 0.00 ms.
Mono: successfully reloaded assembly
- Completed reload, in  1.390 seconds
Domain Reload Profiling:
	ReloadAssembly (1390ms)
		BeginReloadAssembly (83ms)
			ExecutionOrderSort (0ms)
			DisableScriptedObjects (0ms)
			BackupInstance (0ms)
			ReleaseScriptingObjects (0ms)
			CreateAndSetChildDomain (2ms)
		EndReloadAssembly (1191ms)
			LoadAssemblies (80ms)
			RebuildTransferFunctionScriptingTraits (0ms)
			SetupTypeCache (162ms)
			ReleaseScriptCaches (0ms)
			RebuildScriptCaches (43ms)
			SetupLoadedEditorAssemblies (646ms)
				LogAssemblyErrors (0ms)
				InitializePlatformSupportModulesInManaged (15ms)
				SetLoadedEditorAssemblies (1ms)
				RefreshPlugins (46ms)
				BeforeProcessingInitializeOnLoad (105ms)
				ProcessInitializeOnLoadAttributes (366ms)
				ProcessInitializeOnLoadMethodAttributes (112ms)
				AfterProcessingInitializeOnLoad (0ms)
				EditorAssembliesLoaded (1ms)
			ExecutionOrderSort2 (0ms)
			AwakeInstancesAfterBackupRestoration (0ms)
Platform modules already initialized, skipping
Registering precompiled user dll's ...
Registered in 0.001386 seconds.
Begin MonoManager ReloadAssembly
Native extension for OSXStandalone target not found
Native extension for WebGL target not found
Refreshing native plugins compatible for Editor in 45.42 ms, found 3 plugins.
Preloading 0 native plugins for Editor in 0.00 ms.
Mono: successfully reloaded assembly
- Completed reload, in  2.550 seconds
Domain Reload Profiling:
	ReloadAssembly (2552ms)
		BeginReloadAssembly (262ms)
			ExecutionOrderSort (0ms)
			DisableScriptedObjects (33ms)
			BackupInstance (0ms)
			ReleaseScriptingObjects (0ms)
			CreateAndSetChildDomain (36ms)
		EndReloadAssembly (2193ms)
			LoadAssemblies (204ms)
			RebuildTransferFunctionScriptingTraits (0ms)
			SetupTypeCache (326ms)
			ReleaseScriptCaches (1ms)
			RebuildScriptCaches (66ms)
			SetupLoadedEditorAssemblies (1243ms)
				LogAssemblyErrors (0ms)
				InitializePlatformSupportModulesInManaged (13ms)
				SetLoadedEditorAssemblies (1ms)
				RefreshPlugins (45ms)
				BeforeProcessingInitializeOnLoad (213ms)
				ProcessInitializeOnLoadAttributes (916ms)
				ProcessInitializeOnLoadMethodAttributes (52ms)
				AfterProcessingInitializeOnLoad (1ms)
				EditorAssembliesLoaded (0ms)
			ExecutionOrderSort2 (0ms)
			AwakeInstancesAfterBackupRestoration (36ms)
Platform modules already initialized, skipping
Validating Project structure ... 0.006434 seconds.
Shader import version has changed; will reimport all shaders...
Upgrading shader files ...0.011896 seconds.
Application.AssetDatabase Initial Script Refresh Start
RefreshInfo: InitialScriptRefreshV2(NoUpdateAssetOptions) scanfilter:  ... 1 filters
RefreshProfiler: Total: 0.000ms
Application.AssetDatabase Initial Script Refresh End
Application.AssetDatabase.Refresh Start
Application.AssetDatabase.Refresh End
RefreshInfo: StopAssetImportingV2(ForceSynchronousImport) scanfilter: 
RefreshProfiler: Total: 0.000ms
Launching external process: /Applications/Unity/Hub/Editor/2020.3.24f1/Unity.app/Contents/Tools/UnityShaderCompiler
Launched and connected shader compiler UnityShaderCompiler after 0.02 seconds
Initializing Unity extensions:
2022-02-02 20:51:59.019 Unity[881:10334] NSEventModifierFlagFunction specified to -setKeyEquivalentModifierMask: for item <NSMenuItem: 0x600002a23b10 Font Asset, ke='Command-F12'>, but is only supported for system-provided menu items; will not be used
2022-02-02 20:51:59.023 Unity[881:10334] NSEventModifierFlagFunction specified to -setKeyEquivalentModifierMask: for item <NSMenuItem: 0x600002adf1e0 Font Asset, ke='Command-F12'>, but is only supported for system-provided menu items; will not be used
========================================================================
Worker process is ready to serve import requests
Refreshing native plugins compatible for Editor in 0.48 ms, found 3 plugins.
Preloading 0 native plugins for Editor in 0.00 ms.
Unloading 2397 Unused Serialized files (Serialized files now loaded: 0)
System memory in use before: 262.7 MB.
System memory in use after: 262.5 MB.

Unloading 180 unused Assets to reduce memory usage. Loaded Objects now: 2893.
Total: 2.720459 ms (FindLiveObjects: 0.151500 ms CreateObjectMapping: 0.051375 ms MarkObjects: 2.291209 ms  DeleteObjects: 0.225542 ms)

AssetImportParameters requested are different than current active one (requested -> active):
  custom:video-decoder-ogg-theora: a1e56fd34408186e4bbccfd4996cb3dc -> 
  custom:container-muxer-webm: aa71ff27fc2769a1b78a27578f13a17b -> 
  custom:container-demuxer-webm: 4f35f7cbe854078d1ac9338744f61a02 -> 
  custom:container-demuxer-ogg: 62fdf1f143b41e24485cea50d1cbac27 -> 
  custom:video-encoder-webm-vp8: eb34c28f22e8b96e1ab97ce403110664 -> 
  custom:framework-osx-AVFoundation: e770b220cccbd017edd2c1fefb359320 -> 
  custom:video-decoder-webm-vp8: 9c59270c3fd7afecdb556c50c9e8de78 -> 
  custom:audio-decoder-ogg-vorbis: bf7c407c2cedff20999df2af8eb42d56 -> 
  custom:audio-encoder-webm-vorbis: bf7c407c2cedff20999df2af8eb42d56 -> 
========================================================================
Received Import Request.
  path: Assets/Prefabs/FireBlaster.prefab
  artifactKey: Guid(e2d9907b69e55405f8fc3e4c2b25b4bc) Importer(815301076,1909f56bfc062723c751e8b465ee728b)
Start importing Assets/Prefabs/FireBlaster.prefab using Guid(e2d9907b69e55405f8fc3e4c2b25b4bc) Importer(815301076,1909f56bfc062723c751e8b465ee728b)  -> (artifact id: 'd4e0fdda2b54054a86e010367bbe41c0') in 0.597029 seconds 
  Import took 0.601729 seconds .

========================================================================
Received Import Request.
  Time since last request: 14.357670 seconds.
  path: Assets/Prefabs/FireBlaster.prefab
  artifactKey: Guid(e2d9907b69e55405f8fc3e4c2b25b4bc) Importer(815301076,1909f56bfc062723c751e8b465ee728b)
Start importing Assets/Prefabs/FireBlaster.prefab using Guid(e2d9907b69e55405f8fc3e4c2b25b4bc) Importer(815301076,1909f56bfc062723c751e8b465ee728b)  -> (artifact id: '1d93dad92a8e5316502e487f314e4539') in 0.016179 seconds 
  Import took 0.019775 seconds .

========================================================================
Received Import Request.
  Time since last request: 415.205498 seconds.
  path: Assets/Prefabs/New Folder
  artifactKey: Guid(81e4b36be5a6242f19d8605208595ccb) Importer(815301076,1909f56bfc062723c751e8b465ee728b)
Start importing Assets/Prefabs/New Folder using Guid(81e4b36be5a6242f19d8605208595ccb) Importer(815301076,1909f56bfc062723c751e8b465ee728b)  -> (artifact id: '1b727490f155bbb9873d093526ca42a1') in 0.001542 seconds 
  Import took 0.004740 seconds .

========================================================================
Received Import Request.
  Time since last request: 7.637537 seconds.
  path: Assets/Spawner.cs
  artifactKey: Guid(c1d48ba2eb6f74706aae2c2a72c8c59a) Importer(815301076,1909f56bfc062723c751e8b465ee728b)
Start importing Assets/Spawner.cs using Guid(c1d48ba2eb6f74706aae2c2a72c8c59a) Importer(815301076,1909f56bfc062723c751e8b465ee728b)  -> (artifact id: '9a633521b5c39ef25a9513cb251add06') in 0.123374 seconds 
  Import took 0.128100 seconds .

========================================================================
Received Import Request.
  Time since last request: 1.421464 seconds.
  path: Assets/Beetle_Blink.cs
  artifactKey: Guid(963a91ecf36cc4ddcac9166d0746dabd) Importer(815301076,1909f56bfc062723c751e8b465ee728b)
Start importing Assets/Beetle_Blink.cs using Guid(963a91ecf36cc4ddcac9166d0746dabd) Importer(815301076,1909f56bfc062723c751e8b465ee728b)  -> (artifact id: '9fca38b4e13210f077714ba0c879f629') in 0.003971 seconds 
  Import took 0.009592 seconds .

========================================================================
Received Prepare
Registering precompiled user dll's ...
Registered in 0.001580 seconds.
Begin MonoManager ReloadAssembly
Native extension for OSXStandalone target not found
Native extension for WebGL target not found
Refreshing native plugins compatible for Editor in 0.55 ms, found 3 plugins.
Preloading 0 native plugins for Editor in 0.00 ms.
2022-02-02 20:59:32.670 Unity[881:10334] NSEventModifierFlagFunction specified to -setKeyEquivalentModifierMask: for item <NSMenuItem: 0x600002a3cf50 Font Asset, ke='Command-F12'>, but is only supported for system-provided menu items; will not be used
Mono: successfully reloaded assembly
- Completed reload, in  2.762 seconds
Domain Reload Profiling:
	ReloadAssembly (2763ms)
		BeginReloadAssembly (245ms)
			ExecutionOrderSort (0ms)
			DisableScriptedObjects (41ms)
			BackupInstance (0ms)
			ReleaseScriptingObjects (0ms)
			CreateAndSetChildDomain (82ms)
		EndReloadAssembly (2412ms)
			LoadAssemblies (231ms)
			RebuildTransferFunctionScriptingTraits (0ms)
			SetupTypeCache (361ms)
			ReleaseScriptCaches (1ms)
			RebuildScriptCaches (65ms)
			SetupLoadedEditorAssemblies (1404ms)
				LogAssemblyErrors (0ms)
				InitializePlatformSupportModulesInManaged (20ms)
				SetLoadedEditorAssemblies (2ms)
				RefreshPlugins (1ms)
				BeforeProcessingInitializeOnLoad (328ms)
				ProcessInitializeOnLoadAttributes (1010ms)
				ProcessInitializeOnLoadMethodAttributes (41ms)
				AfterProcessingInitializeOnLoad (1ms)
				EditorAssembliesLoaded (1ms)
			ExecutionOrderSort2 (0ms)
			AwakeInstancesAfterBackupRestoration (40ms)
Platform modules already initialized, skipping
Refreshing native plugins compatible for Editor in 0.49 ms, found 3 plugins.
Preloading 0 native plugins for Editor in 0.00 ms.
Unloading 2369 Unused Serialized files (Serialized files now loaded: 0)
System memory in use before: 268.2 MB.
System memory in use after: 268.4 MB.

Unloading 21 unused Assets to reduce memory usage. Loaded Objects now: 2903.
Total: 2.279584 ms (FindLiveObjects: 0.134708 ms CreateObjectMapping: 0.045708 ms MarkObjects: 2.066334 ms  DeleteObjects: 0.032125 ms)

AssetImportParameters requested are different than current active one (requested -> active):
  custom:video-decoder-ogg-theora: a1e56fd34408186e4bbccfd4996cb3dc -> 
  custom:container-muxer-webm: aa71ff27fc2769a1b78a27578f13a17b -> 
  custom:container-demuxer-webm: 4f35f7cbe854078d1ac9338744f61a02 -> 
  custom:container-demuxer-ogg: 62fdf1f143b41e24485cea50d1cbac27 -> 
  custom:video-encoder-webm-vp8: eb34c28f22e8b96e1ab97ce403110664 -> 
  custom:framework-osx-AVFoundation: e770b220cccbd017edd2c1fefb359320 -> 
  custom:video-decoder-webm-vp8: 9c59270c3fd7afecdb556c50c9e8de78 -> 
  custom:audio-decoder-ogg-vorbis: bf7c407c2cedff20999df2af8eb42d56 -> 
  custom:audio-encoder-webm-vorbis: bf7c407c2cedff20999df2af8eb42d56 -> 
========================================================================
Received Import Request.
  Time since last request: 76.058374 seconds.
  path: Assets/Brackeys/2D Mega Pack/Characters/Blob Players
  artifactKey: Guid(958c4d21c835e5145bdf4bbdd4088b4b) Importer(815301076,1909f56bfc062723c751e8b465ee728b)
Start importing Assets/Brackeys/2D Mega Pack/Characters/Blob Players using Guid(958c4d21c835e5145bdf4bbdd4088b4b) Importer(815301076,1909f56bfc062723c751e8b465ee728b)  -> (artifact id: '118387bbd671347796ed39e683ab2613') in 0.007548 seconds 
  Import took 0.012085 seconds .

========================================================================
Received Import Request.
  Time since last request: 3.686473 seconds.
  path: Assets/Brackeys/2D Mega Pack/Characters/Fantasy
  artifactKey: Guid(34dd4a04fcabe9c4a952c91f62b6bbc0) Importer(815301076,1909f56bfc062723c751e8b465ee728b)
Start importing Assets/Brackeys/2D Mega Pack/Characters/Fantasy using Guid(34dd4a04fcabe9c4a952c91f62b6bbc0) Importer(815301076,1909f56bfc062723c751e8b465ee728b)  -> (artifact id: '7bd9e4ef6755c451c0c17bf89e0725e2') in 0.001857 seconds 
  Import took 0.006200 seconds .

========================================================================
Received Import Request.
  Time since last request: 211.379288 seconds.
  path: Assets/Brackeys/2D Mega Pack/Characters/Miner.png
  artifactKey: Guid(774fe8dccef69a44d9179e4529aea50c) Importer(815301076,1909f56bfc062723c751e8b465ee728b)
Start importing Assets/Brackeys/2D Mega Pack/Characters/Miner.png using Guid(774fe8dccef69a44d9179e4529aea50c) Importer(815301076,1909f56bfc062723c751e8b465ee728b)  -> (artifact id: '36a0099f39fd883559116e6da010b09a') in 0.650405 seconds 
  Import took 0.654548 seconds .

========================================================================
Received Import Request.
  Time since last request: 11.270511 seconds.
  path: Assets/Brackeys/2D Mega Pack/Characters/MrPickle.png
  artifactKey: Guid(9caa2d1bf58529846b51604707b587f6) Importer(815301076,1909f56bfc062723c751e8b465ee728b)
Start importing Assets/Brackeys/2D Mega Pack/Characters/MrPickle.png using Guid(9caa2d1bf58529846b51604707b587f6) Importer(815301076,1909f56bfc062723c751e8b465ee728b)  -> (artifact id: 'bfdf94748e8c6ff13f8b7f3d0e15e777') in 0.025329 seconds 
  Import took 0.029265 seconds .

